Vivado Simulator 2020.2
Copyright 1986-1999, 2001-2020 Xilinx, Inc. All Rights Reserved.
Running: C:/Vivado/2020.2/bin/unwrapped/win64.o/xelab.exe -wto 19d09f808e1c4882beeb5dcd37461675 --incr --debug typical --relax --mt 2 -L xil_defaultlib -L secureip --snapshot tb_cnn_top_behav xil_defaultlib.tb_cnn_top -log elaborate.log 
Using 2 slave threads.
Starting static elaboration
Completed static elaboration
Starting simulation data flow analysis
Completed simulation data flow analysis
Time Resolution for simulation is 1ps
Compiling package std.standard
Compiling package std.textio
Compiling package ieee.std_logic_1164
Compiling package ieee.numeric_std
Compiling package xil_defaultlib.cnn_types
Compiling package xil_defaultlib.cnn_weights
Compiling architecture behavioral of entity xil_defaultlib.uart_rx [uart_rx_default]
Compiling architecture behavioral of entity xil_defaultlib.patch_loader [patch_loader_default]
Compiling architecture behavioral of entity xil_defaultlib.conv_layer [conv_layer_default]
Compiling architecture behavioral of entity xil_defaultlib.relu [relu_default]
Compiling architecture behavioral of entity xil_defaultlib.flatten [flatten_default]
Compiling architecture behavioral of entity xil_defaultlib.fc_layer [fc_layer_default]
Compiling architecture behavioral of entity xil_defaultlib.uart_tx [uart_tx_default]
Compiling architecture structural of entity xil_defaultlib.cnn_top [cnn_top_default]
Compiling architecture sim of entity xil_defaultlib.tb_cnn_top
Built simulation snapshot tb_cnn_top_behav
